<?xml version="1.0" encoding="UTF-8"?>
<!-- Generated by org.testng.reporters.JUnitReportReporter -->
<testsuite hostname="DESKTOP-TG051AM" failures="0" tests="5" name="Common_Utils1.BaseClass1" time="92.341" errors="0" timestamp="2024-05-03T18:38:12 IST" skipped="1">
  <testcase classname="Common_Utils1.BaseClass1" name="TestBeneficiaryRegistrationURL" time="67.588"/>
  <system-out/>
  <testcase classname="Common_Utils1.BaseClass1" name="TestValidRagistration" time="13.296"/>
  <system-out/>
  <testcase classname="Common_Utils1.BaseClass1" name="testpumpDetailsPopup" time="10.579"/>
  <system-out/>
  <testcase classname="Common_Utils1.BaseClass1" name="TestYourApplicationPaymentDetails" time="0.878"/>
  <system-out/>
  <testcase classname="Common_Utils1.BaseClass1" name="TestVillageList">
    <skipped/>
  </testcase> <!-- TestVillageList -->
  <system-out/>
</testsuite> <!-- Common_Utils1.BaseClass1 -->
